2023-09-25 00:50:39 INFO     Run on Commit 69077c5fd6149063f3b9d86945831b5b41b09acc from 2022-10-10.
2023-09-25 00:50:42 INFO     Loading data for train
2023-09-25 00:53:23 INFO     Loaded 2120 train instances.
2023-09-25 00:53:23 INFO     Loading data for val
2023-09-25 00:54:37 INFO     Loaded 460 val instances.
2023-09-25 00:54:37 INFO     GPU available: True (cuda), used: True
2023-09-25 00:54:37 INFO     TPU available: False, using: 0 TPU cores
2023-09-25 00:54:37 INFO     IPU available: False, using: 0 IPUs
2023-09-25 00:54:37 INFO     HPU available: False, using: 0 HPUs
2023-09-25 00:54:37 INFO     Loading training Set .2120
2023-09-25 00:54:37 INFO     Loading testing Set .460
2023-09-25 00:54:38 INFO     LOCAL_RANK: 0 - CUDA_VISIBLE_DEVICES: [2]
2023-09-25 00:54:38 INFO     
  | Name           | Type                      | Params
-------------------------------------------------------------
0 | emb_nn         | DGCNN                     | 157 K 
1 | detection_loss | FocalLossJnc              | 0     
2 | test_lossAcc   | DetLossAcccMetricsJnc     | 0     
3 | test_metrics   | PrecisionRecallMetricsJnc | 0     
4 | loss           | TotalLoss                 | 0     
5 | accuracy       | TotalAccuracy             | 0     
6 | ll1            | Conv1d                    | 129   
7 | ll2            | Conv1d                    | 129   
-------------------------------------------------------------
157 K     Trainable params
0         Non-trainable params
157 K     Total params
0.630     Total estimated model params size (MB)
